<?xml version="1.0" encoding="utf-8"?>
<coverage line-rate="1" branch-rate="1" lines-covered="2" lines-valid="2" branches-covered="0" branches-valid="0">
  <packages>
    <package name="MessageBridge.Application"><classes>
      <class name="MessageBridge.Application.OrdinaryClass" filename="MessageBridge.Application/OrdinaryClass.cs" line-rate="1" branch-rate="1">
        <lines><line number="1" hits="1"/><line number="2" hits="1"/></lines>
      </class>
    </classes></package>
  </packages>
</coverage>
