<?xml version="1.0" encoding="utf-8"?>
<coverage line-rate="0.9444" branch-rate="0.8889" lines-covered="17" lines-valid="18" branches-covered="8" branches-valid="9">
  <packages>
    <package name="LowProject"><classes><class name="LowProject.Class" filename="LowProject.cs"><lines>
      <line number="1" hits="1"/><line number="2" hits="1"/><line number="3" hits="1"/><line number="4" hits="1"/><line number="5" hits="1"/><line number="6" hits="1"/><line number="7" hits="1" branch="true" condition-coverage="100% (2/2)"/><line number="8" hits="1" branch="true" condition-coverage="100% (2/2)"/><line number="9" hits="1" branch="true" condition-coverage="100% (2/2)"/>
    </lines></class></classes></package>
    <package name="HighProject"><classes><class name="HighProject.Class" filename="HighProject.cs"><lines>
      <line number="1" hits="1"/><line number="2" hits="1"/><line number="3" hits="1"/><line number="4" hits="1"/><line number="5" hits="1"/><line number="6" hits="1"/><line number="7" hits="1"/><line number="8" hits="1"/><line number="9" hits="0" branch="true" condition-coverage="66.6% (2/3)"/>
    </lines></class></classes></package>
  </packages>
</coverage>
